<?xml version="1.0" encoding="UTF-8"?>
<!-- Generated by org.testng.reporters.JUnitReportReporter -->
<testsuite skipped="0" hostname="Alkesh" name="challange.Challange3Test" tests="1" failures="0" timestamp="2022-02-05T20:11:42 IST" time="16.218" errors="0">
  <testcase name="verifyHigherPriceIteminCart" time="16.218" classname="challange.Challange3Test"/>
  <system-out/>
</testsuite> <!-- challange.Challange3Test -->
